[INFO   ] Logger: Record log in /storage/emulated/0/SRAPS-App/.kivy/logs/kivy_22-04-24_7.txt
[INFO   ] Kivy: v2.0.0
[INFO   ] Kivy: Installed at "/data/user/0/ru.iiec.pydroid3/files/arm-linux-androideabi/lib/python3.9/site-packages/kivy/__init__.py"
[INFO   ] Python: v3.9.7 (default, Oct  9 2021, 08:02:40) 
[GCC 11.1.0]
[INFO   ] Python: Interpreter at "/data/user/0/ru.iiec.pydroid3/files/arm-linux-androideabi/bin/python3"
[INFO   ] KivyMD: 1.0.0.dev0, git-Unknown, 2022-04-04 (installed at "/data/user/0/ru.iiec.pydroid3/files/arm-linux-androideabi/lib/python3.9/site-packages/kivymd/__init__.py")
[INFO   ] Factory: 186 symbols loaded
[INFO   ] Image: Providers: img_tex, img_dds, img_sdl2, img_pil (img_ffpyplayer ignored)
[INFO   ] Text: Provider: sdl2
[INFO   ] Window: Provider: sdl2
[INFO   ] GL: Using the "OpenGL ES 2" graphics system
[INFO   ] GL: Backend used <sdl2>
[INFO   ] GL: OpenGL version <b'OpenGL ES 3.2 V@145.0 (GIT@I3d52eaf367)'>
[INFO   ] GL: OpenGL vendor <b'Qualcomm'>
[INFO   ] GL: OpenGL renderer <b'Adreno (TM) 506'>
[INFO   ] GL: OpenGL parsed version: 3, 2
[INFO   ] GL: Texture max size <16384>
[INFO   ] GL: Texture max units <16>
[INFO   ] Window: auto add sdl2 input provider
[INFO   ] Window: virtual keyboard not allowed, single mode, not docked
[WARNING] FitImage: Note!
In the near future the `FitImage` widget will be moved to the `kivymd.uix.fitimage` package.
Use import of this widget like this:`from kivymd.uix.fitimage import FitImage`.
[INFO   ] Audio: Providers: audio_sdl2 (audio_android, audio_ffpyplayer ignored)
[WARNING] Factory: Ignored class "Tab" re-declaration. Current -  module: None, cls: <class '__main__.Tab'>, baseclass: None, filename: None. Ignored -  module: None, cls: None, baseclass: MDFloatLayout+MDTabsBase, filename: None.
[INFO   ] GL: NPOT texture support is available
[WARNING] Deprecated property "<NumericProperty name=user_font_size>" of object "<kivymd.uix.button.button.MDIconButton object at 0xb992ced0>" was accessed, it will be removed in a future version
[WARNING] Deprecated property "<OptionProperty name=theme_text_color>" of object "<kivymd.uix.button.button.MDIconButton object at 0xb992ced0>" was accessed, it will be removed in a future version
[INFO   ] Loader: using a thread pool of 2 workers
[ERROR  ] AsyncImage: Not found < >
[ERROR  ] AsyncImage: Not found < >
[ERROR  ] AsyncImage: Not found < >
[ERROR  ] AsyncImage: Not found < >
[ERROR  ] AsyncImage: Not found < >
[ERROR  ] AsyncImage: Not found < >
[ERROR  ] AsyncImage: Not found < >
[ERROR  ] AsyncImage: Not found < >
[ERROR  ] AsyncImage: Not found < >
[ERROR  ] AsyncImage: Not found < >
[ERROR  ] AsyncImage: Not found < >
[ERROR  ] AsyncImage: Not found < >
[WARNING] stderr: Traceback (most recent call last):
[WARNING] stderr:   File "/data/user/0/ru.iiec.pydroid3/files/arm-linux-androideabi/lib/python3.9/site-packages/kivy/lang/builder.py", line 242, in create_handler
[WARNING] stderr:     return eval(value, idmap), bound_list
[WARNING] stderr:   File "/storage/emulated/0/SRAPS-App/main.kv", line 213, in <module>
[WARNING] stderr:     source:"assets/shadow-black.png" if theme_cls.theme_style == "Dark" else "assets/shadow-white.png"
[WARNING] stderr: NameError: name 'theme_cls' is not defined
[WARNING] stderr: 
[WARNING] stderr: During handling of the above exception, another exception occurred:
[WARNING] stderr: 
[WARNING] stderr: Traceback (most recent call last):
[WARNING] stderr:   File "/data/user/0/ru.iiec.pydroid3/files/arm-linux-androideabi/lib/python3.9/site-packages/kivy/lang/builder.py", line 695, in _apply_rule
[WARNING] stderr:     value, bound = create_handler(
[WARNING] stderr:   File "/data/user/0/ru.iiec.pydroid3/files/arm-linux-androideabi/lib/python3.9/site-packages/kivy/lang/builder.py", line 245, in create_handler
[WARNING] stderr:     raise BuilderException(rule.ctx, rule.line,
[WARNING] stderr: kivy.lang.builder.BuilderException: Parser: File "/storage/emulated/0/SRAPS-App/main.kv", line 213:
[WARNING] stderr: ...
[WARNING] stderr:     211:										radius:[0,0,dp(20),dp(20)]
[WARNING] stderr:     212:										invert_y_axis:True
[WARNING] stderr: >>  213:										source:"assets/shadow-black.png" if theme_cls.theme_style == "Dark" else "assets/shadow-white.png"
[WARNING] stderr:     214:										allow_stretch:True
[WARNING] stderr:     215:										keep_ratio:False
[WARNING] stderr: ...
[WARNING] stderr: NameError: name 'theme_cls' is not defined
[WARNING] stderr:   File "/data/user/0/ru.iiec.pydroid3/files/arm-linux-androideabi/lib/python3.9/site-packages/kivy/lang/builder.py", line 242, in create_handler
[WARNING] stderr:     return eval(value, idmap), bound_list
[WARNING] stderr:   File "/storage/emulated/0/SRAPS-App/main.kv", line 213, in <module>
[WARNING] stderr:     source:"assets/shadow-black.png" if theme_cls.theme_style == "Dark" else "assets/shadow-white.png"
[WARNING] stderr: 
[WARNING] stderr: 
[WARNING] stderr: During handling of the above exception, another exception occurred:
[WARNING] stderr: 
[WARNING] stderr: Traceback (most recent call last):
[WARNING] stderr:   File "/storage/emulated/0/SRAPS-App/main.py", line 895, in <module>
[WARNING] stderr:     SRAPS_APP().run()
[WARNING] stderr:   File "/data/user/0/ru.iiec.pydroid3/files/arm-linux-androideabi/lib/python3.9/site-packages/kivy/app.py", line 949, in run
[WARNING] stderr:     self._run_prepare()
[WARNING] stderr:   File "/data/user/0/ru.iiec.pydroid3/files/arm-linux-androideabi/lib/python3.9/site-packages/kivy/app.py", line 919, in _run_prepare
[WARNING] stderr:     root = self.build()
[WARNING] stderr:   File "/storage/emulated/0/SRAPS-App/main.py", line 837, in build
[WARNING] stderr:     screen_manager.add_widget(Builder.load_file('main.kv'))
[WARNING] stderr:   File "/data/user/0/ru.iiec.pydroid3/files/arm-linux-androideabi/lib/python3.9/site-packages/kivy/lang/builder.py", line 306, in load_file
[WARNING] stderr:     return self.load_string(data, **kwargs)
[WARNING] stderr:   File "/data/user/0/ru.iiec.pydroid3/files/arm-linux-androideabi/lib/python3.9/site-packages/kivy/lang/builder.py", line 408, in load_string
[WARNING] stderr:     self._apply_rule(
[WARNING] stderr:   File "/data/user/0/ru.iiec.pydroid3/files/arm-linux-androideabi/lib/python3.9/site-packages/kivy/lang/builder.py", line 710, in _apply_rule
[WARNING] stderr:     raise BuilderException(rule.ctx, rule.line,
[WARNING] stderr: kivy.lang.builder.BuilderException: Parser: File "/storage/emulated/0/SRAPS-App/main.kv", line 213:
[WARNING] stderr: ...
[WARNING] stderr:     211:										radius:[0,0,dp(20),dp(20)]
[WARNING] stderr:     212:										invert_y_axis:True
[WARNING] stderr: >>  213:										source:"assets/shadow-black.png" if theme_cls.theme_style == "Dark" else "assets/shadow-white.png"
[WARNING] stderr:     214:										allow_stretch:True
[WARNING] stderr:     215:										keep_ratio:False
[WARNING] stderr: ...
[WARNING] stderr: BuilderException: Parser: File "/storage/emulated/0/SRAPS-App/main.kv", line 213:
[WARNING] stderr: ...
[WARNING] stderr:     211:										radius:[0,0,dp(20),dp(20)]
[WARNING] stderr:     212:										invert_y_axis:True
[WARNING] stderr: >>  213:										source:"assets/shadow-black.png" if theme_cls.theme_style == "Dark" else "assets/shadow-white.png"
[WARNING] stderr:     214:										allow_stretch:True
[WARNING] stderr:     215:										keep_ratio:False
[WARNING] stderr: ...
[WARNING] stderr: NameError: name 'theme_cls' is not defined
[WARNING] stderr:   File "/data/user/0/ru.iiec.pydroid3/files/arm-linux-androideabi/lib/python3.9/site-packages/kivy/lang/builder.py", line 242, in create_handler
[WARNING] stderr:     return eval(value, idmap), bound_list
[WARNING] stderr:   File "/storage/emulated/0/SRAPS-App/main.kv", line 213, in <module>
[WARNING] stderr:     source:"assets/shadow-black.png" if theme_cls.theme_style == "Dark" else "assets/shadow-white.png"
[WARNING] stderr: 
[WARNING] stderr:   File "/data/user/0/ru.iiec.pydroid3/files/arm-linux-androideabi/lib/python3.9/site-packages/kivy/lang/builder.py", line 695, in _apply_rule
[WARNING] stderr:     value, bound = create_handler(
[WARNING] stderr:   File "/data/user/0/ru.iiec.pydroid3/files/arm-linux-androideabi/lib/python3.9/site-packages/kivy/lang/builder.py", line 245, in create_handler
[WARNING] stderr:     raise BuilderException(rule.ctx, rule.line,
[WARNING] stderr: 
