[INFO   ] Logger: Record log in /storage/emulated/0/SRAPS-App/.kivy/logs/kivy_22-04-26_0.txt
[INFO   ] Kivy: v2.0.0
[INFO   ] Kivy: Installed at "/data/user/0/ru.iiec.pydroid3/files/arm-linux-androideabi/lib/python3.9/site-packages/kivy/__init__.py"
[INFO   ] Python: v3.9.7 (default, Oct  9 2021, 08:02:40) 
[GCC 11.1.0]
[INFO   ] Python: Interpreter at "/data/user/0/ru.iiec.pydroid3/files/arm-linux-androideabi/bin/python3"
[INFO   ] KivyMD: 1.0.0.dev0, git-Unknown, 2022-04-04 (installed at "/data/user/0/ru.iiec.pydroid3/files/arm-linux-androideabi/lib/python3.9/site-packages/kivymd/__init__.py")
[INFO   ] Factory: 186 symbols loaded
[INFO   ] Image: Providers: img_tex, img_dds, img_sdl2, img_pil (img_ffpyplayer ignored)
[INFO   ] Text: Provider: sdl2
[INFO   ] Window: Provider: sdl2
[INFO   ] GL: Using the "OpenGL ES 2" graphics system
[INFO   ] GL: Backend used <sdl2>
[INFO   ] GL: OpenGL version <b'OpenGL ES 3.2 V@145.0 (GIT@I3d52eaf367)'>
[INFO   ] GL: OpenGL vendor <b'Qualcomm'>
[INFO   ] GL: OpenGL renderer <b'Adreno (TM) 506'>
[INFO   ] GL: OpenGL parsed version: 3, 2
[INFO   ] GL: Texture max size <16384>
[INFO   ] GL: Texture max units <16>
[INFO   ] Window: auto add sdl2 input provider
[INFO   ] Window: virtual keyboard not allowed, single mode, not docked
[WARNING] FitImage: Note!
In the near future the `FitImage` widget will be moved to the `kivymd.uix.fitimage` package.
Use import of this widget like this:`from kivymd.uix.fitimage import FitImage`.
[INFO   ] Audio: Providers: audio_sdl2 (audio_android, audio_ffpyplayer ignored)
[WARNING] Factory: Ignored class "Tab" re-declaration. Current -  module: None, cls: <class '__main__.Tab'>, baseclass: None, filename: None. Ignored -  module: None, cls: None, baseclass: MDFloatLayout+MDTabsBase, filename: None.
[INFO   ] GL: NPOT texture support is available
[WARNING] Deprecated property "<NumericProperty name=user_font_size>" of object "<kivymd.uix.button.button.MDIconButton object at 0xb9916db8>" was accessed, it will be removed in a future version
[WARNING] Deprecated property "<OptionProperty name=theme_text_color>" of object "<kivymd.uix.button.button.MDIconButton object at 0xb9916db8>" was accessed, it will be removed in a future version
[INFO   ] Loader: using a thread pool of 2 workers
[ERROR  ] AsyncImage: Not found < >
[ERROR  ] AsyncImage: Not found < >
[ERROR  ] AsyncImage: Not found < >
[ERROR  ] AsyncImage: Not found < >
[ERROR  ] AsyncImage: Not found < >
[ERROR  ] AsyncImage: Not found < >
[ERROR  ] AsyncImage: Not found < >
[ERROR  ] AsyncImage: Not found < >
[ERROR  ] AsyncImage: Not found < >
[ERROR  ] AsyncImage: Not found < >
[ERROR  ] AsyncImage: Not found < >
[ERROR  ] AsyncImage: Not found < >
[WARNING] Base: Unknown <android> provider
[INFO   ] Base: Start application main loop
[WARNING] Deprecated property "<ColorProperty name=text_color>" of object "<kivymd.uix.button.button.MDIconButton object at 0xb9916db8>" was accessed, it will be removed in a future version
[WARNING] GL: Unpack subimage support is not available
[ERROR  ] Loader: Failed to load image <https://i.postimg.cc/5yXynH8w/0003.jpg>
Traceback (most recent call last):
  File "/data/user/0/ru.iiec.pydroid3/files/arm-linux-androideabi/lib/python3.9/urllib/request.py", line 1346, in do_open
    h.request(req.get_method(), req.selector, req.data, headers,
  File "/data/user/0/ru.iiec.pydroid3/files/arm-linux-androideabi/lib/python3.9/http/client.py", line 1279, in request
    self._send_request(method, url, body, headers, encode_chunked)
  File "/data/user/0/ru.iiec.pydroid3/files/arm-linux-androideabi/lib/python3.9/http/client.py", line 1325, in _send_request
    self.endheaders(body, encode_chunked=encode_chunked)
  File "/data/user/0/ru.iiec.pydroid3/files/arm-linux-androideabi/lib/python3.9/http/client.py", line 1274, in endheaders
    self._send_output(message_body, encode_chunked=encode_chunked)
  File "/data/user/0/ru.iiec.pydroid3/files/arm-linux-androideabi/lib/python3.9/http/client.py", line 1034, in _send_output
    self.send(msg)
  File "/data/user/0/ru.iiec.pydroid3/files/arm-linux-androideabi/lib/python3.9/http/client.py", line 974, in send
    self.connect()
  File "/data/user/0/ru.iiec.pydroid3/files/arm-linux-androideabi/lib/python3.9/http/client.py", line 1441, in connect
    super().connect()
  File "/data/user/0/ru.iiec.pydroid3/files/arm-linux-androideabi/lib/python3.9/http/client.py", line 945, in connect
    self.sock = self._create_connection(
  File "/data/user/0/ru.iiec.pydroid3/files/arm-linux-androideabi/lib/python3.9/socket.py", line 823, in create_connection
    for res in getaddrinfo(host, port, 0, SOCK_STREAM):
  File "/data/user/0/ru.iiec.pydroid3/files/arm-linux-androideabi/lib/python3.9/socket.py", line 954, in getaddrinfo
    for res in _socket.getaddrinfo(host, port, family, type, proto, flags):
socket.gaierror: [Errno 7] No address associated with hostname

During handling of the above exception, another exception occurred:

Traceback (most recent call last):
  File "/data/user/0/ru.iiec.pydroid3/files/arm-linux-androideabi/lib/python3.9/site-packages/kivy/loader.py", line 345, in _load_urllib
    fd = opener.open(request)
  File "/data/user/0/ru.iiec.pydroid3/files/arm-linux-androideabi/lib/python3.9/urllib/request.py", line 517, in open
    response = self._open(req, data)
  File "/data/user/0/ru.iiec.pydroid3/files/arm-linux-androideabi/lib/python3.9/urllib/request.py", line 534, in _open
    result = self._call_chain(self.handle_open, protocol, protocol +
  File "/data/user/0/ru.iiec.pydroid3/files/arm-linux-androideabi/lib/python3.9/urllib/request.py", line 494, in _call_chain
    result = func(*args)
  File "/data/user/0/ru.iiec.pydroid3/files/arm-linux-androideabi/lib/python3.9/urllib/request.py", line 1389, in https_open
    return self.do_open(http.client.HTTPSConnection, req,
  File "/data/user/0/ru.iiec.pydroid3/files/arm-linux-androideabi/lib/python3.9/urllib/request.py", line 1349, in do_open
    raise URLError(err)
urllib.error.URLError: <urlopen error [Errno 7] No address associated with hostname>
[INFO   ] Base: Leaving application in progress...
